[debug] [2024-03-07T03:40:12.781Z] ----------------------------------------------------------------------
[debug] [2024-03-07T03:40:12.783Z] Command:       C:\Program Files\nodejs\node.exe C:\Users\quilt\AppData\Roaming\npm\node_modules\firebase-tools\lib\bin\firebase.js init
[debug] [2024-03-07T03:40:12.783Z] CLI Version:   13.4.0
[debug] [2024-03-07T03:40:12.784Z] Platform:      win32
[debug] [2024-03-07T03:40:12.784Z] Node Version:  v18.17.1
[debug] [2024-03-07T03:40:12.785Z] Time:          Wed Mar 06 2024 21:40:12 GMT-0600 (hora estándar central)
[debug] [2024-03-07T03:40:12.785Z] ----------------------------------------------------------------------
[debug] 
[debug] [2024-03-07T03:40:12.791Z] > command requires scopes: ["email","openid","https://www.googleapis.com/auth/cloudplatformprojects.readonly","https://www.googleapis.com/auth/firebase","https://www.googleapis.com/auth/cloud-platform"]
[debug] [2024-03-07T03:40:12.791Z] > authorizing via signed-in user (quiltzin01@gmail.com)
[info] 
     ######## #### ########  ######## ########     ###     ######  ########
     ##        ##  ##     ## ##       ##     ##  ##   ##  ##       ##
     ######    ##  ########  ######   ########  #########  ######  ######
     ##        ##  ##    ##  ##       ##     ## ##     ##       ## ##
     ##       #### ##     ## ######## ########  ##     ##  ######  ########

You're about to initialize a Firebase project in this directory:

  C:\Users\quilt\Documents\Programas\Visual Code\React\Inventella

[info] 
=== Project Setup
[info] 
[info] First, let's associate this project directory with a Firebase project.
[info] You can create multiple project aliases by running firebase use --add, 
[info] but for now we'll just set up a default project.
[info] 
[debug] [2024-03-07T03:40:54.180Z] > refreshing access token with scopes: []
[debug] [2024-03-07T03:40:54.185Z] >>> [apiv2][query] POST https://www.googleapis.com/oauth2/v3/token [none]
[debug] [2024-03-07T03:40:54.185Z] >>> [apiv2][body] POST https://www.googleapis.com/oauth2/v3/token [omitted]
[debug] [2024-03-07T03:40:54.461Z] <<< [apiv2][status] POST https://www.googleapis.com/oauth2/v3/token 200
[debug] [2024-03-07T03:40:54.461Z] <<< [apiv2][body] POST https://www.googleapis.com/oauth2/v3/token [omitted]
[debug] [2024-03-07T03:40:54.477Z] >>> [apiv2][query] GET https://firebase.googleapis.com/v1beta1/projects pageSize=100
[debug] [2024-03-07T03:40:54.866Z] <<< [apiv2][status] GET https://firebase.googleapis.com/v1beta1/projects 200
[debug] [2024-03-07T03:40:54.866Z] <<< [apiv2][body] GET https://firebase.googleapis.com/v1beta1/projects [omitted]
[info] i  Using project inventella-d6447 (Inventella) 
[info] 
=== Database Setup
[info] i  database: ensuring required API firebasedatabase.googleapis.com is enabled... 
[debug] [2024-03-07T03:40:56.855Z] >>> [apiv2][query] GET https://serviceusage.googleapis.com/v1/projects/inventella-d6447/services/firebasedatabase.googleapis.com [none]
[debug] [2024-03-07T03:40:56.855Z] >>> [apiv2][(partial)header] GET https://serviceusage.googleapis.com/v1/projects/inventella-d6447/services/firebasedatabase.googleapis.com x-goog-quota-user=projects/inventella-d6447
[debug] [2024-03-07T03:40:57.330Z] <<< [apiv2][status] GET https://serviceusage.googleapis.com/v1/projects/inventella-d6447/services/firebasedatabase.googleapis.com 200
[debug] [2024-03-07T03:40:57.330Z] <<< [apiv2][body] GET https://serviceusage.googleapis.com/v1/projects/inventella-d6447/services/firebasedatabase.googleapis.com [omitted]
[info] +  database: required API firebasedatabase.googleapis.com is enabled 
[info] 
[debug] [2024-03-07T03:40:57.333Z] >>> [apiv2][query] GET https://firebasedatabase.googleapis.com/v1beta/projects/inventella-d6447/locations/-/instances/inventella-d6447-default-rtdb [none]
[debug] [2024-03-07T03:40:57.912Z] <<< [apiv2][status] GET https://firebasedatabase.googleapis.com/v1beta/projects/inventella-d6447/locations/-/instances/inventella-d6447-default-rtdb 200
[debug] [2024-03-07T03:40:57.912Z] <<< [apiv2][body] GET https://firebasedatabase.googleapis.com/v1beta/projects/inventella-d6447/locations/-/instances/inventella-d6447-default-rtdb {"name":"projects/287831172138/locations/us-central1/instances/inventella-d6447-default-rtdb","project":"projects/287831172138","databaseUrl":"https://inventella-d6447-default-rtdb.firebaseio.com","type":"DEFAULT_DATABASE","state":"ACTIVE"}
[info] 
[info] Firebase Realtime Database Security Rules allow you to define how your data should be
[info] structured and when your data can be read from and written to.
[info] 
[debug] [2024-03-07T03:41:05.497Z] >>> [apiv2][query] GET https://inventella-d6447-default-rtdb.firebaseio.com/.settings/rules.json [none]
[debug] [2024-03-07T03:41:05.770Z] <<< [apiv2][status] GET https://inventella-d6447-default-rtdb.firebaseio.com/.settings/rules.json 200
[debug] [2024-03-07T03:41:05.770Z] <<< [apiv2][body] GET https://inventella-d6447-default-rtdb.firebaseio.com/.settings/rules.json [stream]
[info] +  Database Rules for inventella-d6447-default-rtdb have been written to database.rules.json. 
[info] Future modifications to database.rules.json will update Realtime Database Security Rules when you run
[info] firebase deploy.
[info] 
=== Firestore Setup
[debug] [2024-03-07T03:41:05.781Z] >>> [apiv2][query] GET https://serviceusage.googleapis.com/v1/projects/inventella-d6447/services/firestore.googleapis.com [none]
[debug] [2024-03-07T03:41:05.781Z] >>> [apiv2][(partial)header] GET https://serviceusage.googleapis.com/v1/projects/inventella-d6447/services/firestore.googleapis.com x-goog-quota-user=projects/inventella-d6447
[debug] [2024-03-07T03:41:06.312Z] <<< [apiv2][status] GET https://serviceusage.googleapis.com/v1/projects/inventella-d6447/services/firestore.googleapis.com 200
[debug] [2024-03-07T03:41:06.313Z] <<< [apiv2][body] GET https://serviceusage.googleapis.com/v1/projects/inventella-d6447/services/firestore.googleapis.com [omitted]
[debug] [2024-03-07T03:41:06.314Z] >>> [apiv2][query] GET https://firestore.googleapis.com/v1/projects/inventella-d6447/databases/(default) [none]
[debug] [2024-03-07T03:41:06.759Z] <<< [apiv2][status] GET https://firestore.googleapis.com/v1/projects/inventella-d6447/databases/(default) 200
[debug] [2024-03-07T03:41:06.759Z] <<< [apiv2][body] GET https://firestore.googleapis.com/v1/projects/inventella-d6447/databases/(default) {"name":"projects/inventella-d6447/databases/(default)","uid":"74e8acfa-413e-494e-91c4-db7ea391bcab","createTime":"2024-03-07T03:17:54.793445Z","updateTime":"2024-03-07T03:17:54.793445Z","locationId":"nam5","type":"FIRESTORE_NATIVE","concurrencyMode":"PESSIMISTIC","versionRetentionPeriod":"3600s","earliestVersionTime":"2024-03-07T03:17:54.793445Z","appEngineIntegrationMode":"DISABLED","keyPrefix":"s","pointInTimeRecoveryEnablement":"POINT_IN_TIME_RECOVERY_DISABLED","deleteProtectionState":"DELETE_PROTECTION_DISABLED","etag":"ILCovcOd4YQDMOWvy6uY4YQD"}
[debug] [2024-03-07T03:41:06.759Z] database_type: FIRESTORE_NATIVE
[debug] [2024-03-07T03:41:06.760Z] > command requires scopes: ["email","openid","https://www.googleapis.com/auth/cloudplatformprojects.readonly","https://www.googleapis.com/auth/firebase","https://www.googleapis.com/auth/cloud-platform"]
[debug] [2024-03-07T03:41:06.761Z] > authorizing via signed-in user (quiltzin01@gmail.com)
[debug] [2024-03-07T03:41:06.761Z] [iam] checking project inventella-d6447 for permissions ["firebase.projects.get"]
[debug] [2024-03-07T03:41:06.763Z] >>> [apiv2][query] POST https://cloudresourcemanager.googleapis.com/v1/projects/inventella-d6447:testIamPermissions [none]
[debug] [2024-03-07T03:41:06.763Z] >>> [apiv2][(partial)header] POST https://cloudresourcemanager.googleapis.com/v1/projects/inventella-d6447:testIamPermissions x-goog-quota-user=projects/inventella-d6447
[debug] [2024-03-07T03:41:06.764Z] >>> [apiv2][body] POST https://cloudresourcemanager.googleapis.com/v1/projects/inventella-d6447:testIamPermissions {"permissions":["firebase.projects.get"]}
[debug] [2024-03-07T03:41:07.234Z] <<< [apiv2][status] POST https://cloudresourcemanager.googleapis.com/v1/projects/inventella-d6447:testIamPermissions 200
[debug] [2024-03-07T03:41:07.234Z] <<< [apiv2][body] POST https://cloudresourcemanager.googleapis.com/v1/projects/inventella-d6447:testIamPermissions {"permissions":["firebase.projects.get"]}
[info] 
[info] Firestore Security Rules allow you to define how and when to allow
[info] requests. You can keep these rules in your project directory
[info] and publish them with firebase deploy.
[info] 
[debug] [2024-03-07T03:41:10.968Z] >>> [apiv2][query] GET https://firebaserules.googleapis.com/v1/projects/inventella-d6447/releases pageSize=10&pageToken=
[debug] [2024-03-07T03:41:11.257Z] <<< [apiv2][status] GET https://firebaserules.googleapis.com/v1/projects/inventella-d6447/releases 200
[debug] [2024-03-07T03:41:11.257Z] <<< [apiv2][body] GET https://firebaserules.googleapis.com/v1/projects/inventella-d6447/releases {}
[debug] [2024-03-07T03:41:11.258Z] No rulesets found, using default.
[info] 
[info] Firestore indexes allow you to perform complex queries while
[info] maintaining performance that scales with the size of the result
[info] set. You can keep index definitions in your project directory
[info] and publish them with firebase deploy.
[info] 
[debug] [2024-03-07T03:41:14.167Z] >>> [apiv2][query] GET https://firestore.googleapis.com/v1/projects/inventella-d6447/databases/(default)/collectionGroups/-/indexes [none]
[debug] [2024-03-07T03:41:14.172Z] >>> [apiv2][query] GET https://firestore.googleapis.com/v1/projects/inventella-d6447/databases/(default)/collectionGroups/-/fields?filter=indexConfig.usesAncestorConfig=false OR ttlConfig:* [none]
[debug] [2024-03-07T03:41:14.600Z] <<< [apiv2][status] GET https://firestore.googleapis.com/v1/projects/inventella-d6447/databases/(default)/collectionGroups/-/indexes 200
[debug] [2024-03-07T03:41:14.601Z] <<< [apiv2][body] GET https://firestore.googleapis.com/v1/projects/inventella-d6447/databases/(default)/collectionGroups/-/indexes {}
[debug] [2024-03-07T03:41:14.881Z] <<< [apiv2][status] GET https://firestore.googleapis.com/v1/projects/inventella-d6447/databases/(default)/collectionGroups/-/fields?filter=indexConfig.usesAncestorConfig=false OR ttlConfig:* 200
[debug] [2024-03-07T03:41:14.882Z] <<< [apiv2][body] GET https://firestore.googleapis.com/v1/projects/inventella-d6447/databases/(default)/collectionGroups/-/fields?filter=indexConfig.usesAncestorConfig=false OR ttlConfig:* {"fields":[{"name":"projects/inventella-d6447/databases/(default)/collectionGroups/__default__/fields/*","indexConfig":{"indexes":[{"queryScope":"COLLECTION","fields":[{"fieldPath":"*","order":"ASCENDING"}],"state":"READY"},{"queryScope":"COLLECTION","fields":[{"fieldPath":"*","order":"DESCENDING"}],"state":"READY"},{"queryScope":"COLLECTION","fields":[{"fieldPath":"*","arrayConfig":"CONTAINS"}],"state":"READY"}]}}]}
[info] 
=== Functions Setup
[debug] [2024-03-07T03:41:14.887Z] > command requires scopes: ["email","openid","https://www.googleapis.com/auth/cloudplatformprojects.readonly","https://www.googleapis.com/auth/firebase","https://www.googleapis.com/auth/cloud-platform"]
[debug] [2024-03-07T03:41:14.887Z] > authorizing via signed-in user (quiltzin01@gmail.com)
[debug] [2024-03-07T03:41:14.887Z] [iam] checking project inventella-d6447 for permissions ["firebase.projects.get"]
[debug] [2024-03-07T03:41:14.888Z] >>> [apiv2][query] POST https://cloudresourcemanager.googleapis.com/v1/projects/inventella-d6447:testIamPermissions [none]
[debug] [2024-03-07T03:41:14.889Z] >>> [apiv2][(partial)header] POST https://cloudresourcemanager.googleapis.com/v1/projects/inventella-d6447:testIamPermissions x-goog-quota-user=projects/inventella-d6447
[debug] [2024-03-07T03:41:14.889Z] >>> [apiv2][body] POST https://cloudresourcemanager.googleapis.com/v1/projects/inventella-d6447:testIamPermissions {"permissions":["firebase.projects.get"]}
[debug] [2024-03-07T03:41:15.217Z] <<< [apiv2][status] POST https://cloudresourcemanager.googleapis.com/v1/projects/inventella-d6447:testIamPermissions 200
[debug] [2024-03-07T03:41:15.217Z] <<< [apiv2][body] POST https://cloudresourcemanager.googleapis.com/v1/projects/inventella-d6447:testIamPermissions {"permissions":["firebase.projects.get"]}
[debug] [2024-03-07T03:41:15.218Z] >>> [apiv2][query] GET https://serviceusage.googleapis.com/v1/projects/inventella-d6447/services/cloudfunctions.googleapis.com [none]
[debug] [2024-03-07T03:41:15.218Z] >>> [apiv2][(partial)header] GET https://serviceusage.googleapis.com/v1/projects/inventella-d6447/services/cloudfunctions.googleapis.com x-goog-quota-user=projects/inventella-d6447
[debug] [2024-03-07T03:41:15.223Z] >>> [apiv2][query] GET https://serviceusage.googleapis.com/v1/projects/inventella-d6447/services/runtimeconfig.googleapis.com [none]
[debug] [2024-03-07T03:41:15.223Z] >>> [apiv2][(partial)header] GET https://serviceusage.googleapis.com/v1/projects/inventella-d6447/services/runtimeconfig.googleapis.com x-goog-quota-user=projects/inventella-d6447
[debug] [2024-03-07T03:41:15.727Z] <<< [apiv2][status] GET https://serviceusage.googleapis.com/v1/projects/inventella-d6447/services/runtimeconfig.googleapis.com 200
[debug] [2024-03-07T03:41:15.728Z] <<< [apiv2][body] GET https://serviceusage.googleapis.com/v1/projects/inventella-d6447/services/runtimeconfig.googleapis.com [omitted]
[debug] [2024-03-07T03:41:15.730Z] <<< [apiv2][status] GET https://serviceusage.googleapis.com/v1/projects/inventella-d6447/services/cloudfunctions.googleapis.com 200
[debug] [2024-03-07T03:41:15.730Z] <<< [apiv2][body] GET https://serviceusage.googleapis.com/v1/projects/inventella-d6447/services/cloudfunctions.googleapis.com [omitted]
[debug] [2024-03-07T03:41:15.731Z] >>> [apiv2][query] POST https://serviceusage.googleapis.com/v1/projects/inventella-d6447/services/cloudfunctions.googleapis.com:enable [none]
[debug] [2024-03-07T03:41:15.731Z] >>> [apiv2][(partial)header] POST https://serviceusage.googleapis.com/v1/projects/inventella-d6447/services/cloudfunctions.googleapis.com:enable x-goog-quota-user=projects/inventella-d6447
[debug] [2024-03-07T03:41:16.545Z] <<< [apiv2][status] POST https://serviceusage.googleapis.com/v1/projects/inventella-d6447/services/cloudfunctions.googleapis.com:enable 200
[debug] [2024-03-07T03:41:16.546Z] <<< [apiv2][body] POST https://serviceusage.googleapis.com/v1/projects/inventella-d6447/services/cloudfunctions.googleapis.com:enable [omitted]
[debug] [2024-03-07T03:41:26.549Z] >>> [apiv2][query] GET https://serviceusage.googleapis.com/v1/projects/inventella-d6447/services/cloudfunctions.googleapis.com [none]
[debug] [2024-03-07T03:41:26.549Z] >>> [apiv2][(partial)header] GET https://serviceusage.googleapis.com/v1/projects/inventella-d6447/services/cloudfunctions.googleapis.com x-goog-quota-user=projects/inventella-d6447
[debug] [2024-03-07T03:41:26.965Z] <<< [apiv2][status] GET https://serviceusage.googleapis.com/v1/projects/inventella-d6447/services/cloudfunctions.googleapis.com 200
[debug] [2024-03-07T03:41:26.966Z] <<< [apiv2][body] GET https://serviceusage.googleapis.com/v1/projects/inventella-d6447/services/cloudfunctions.googleapis.com [omitted]
[info] Let's create a new codebase for your functions.
[info] A directory corresponding to the codebase will be created in your project
[info] with sample code pre-configured.

[info] See https://firebase.google.com/docs/functions/organize-functions for
[info] more information on organizing your functions using codebases.

[info] Functions can be deployed with firebase deploy.

[info] +  Wrote functions/package.json 
[info] +  Wrote functions/.eslintrc.js 
[info] +  Wrote functions/index.js 
[info] +  Wrote functions/.gitignore 
[info] 
=== Hosting Setup
[debug] [2024-03-07T03:42:52.258Z] >>> [apiv2][query] GET https://firebase.googleapis.com/v1beta1/projects/inventella-d6447 [none]
[debug] [2024-03-07T03:42:52.569Z] <<< [apiv2][status] GET https://firebase.googleapis.com/v1beta1/projects/inventella-d6447 200
[debug] [2024-03-07T03:42:52.569Z] <<< [apiv2][body] GET https://firebase.googleapis.com/v1beta1/projects/inventella-d6447 {"projectId":"inventella-d6447","projectNumber":"287831172138","displayName":"Inventella","name":"projects/inventella-d6447","resources":{"hostingSite":"inventella-d6447","realtimeDatabaseInstance":"inventella-d6447-default-rtdb"},"state":"ACTIVE","etag":"1_132d2080-a66d-48f8-a292-ae4cdecb2eaf"}
[info] 
[info] Your public directory is the folder (relative to your project directory) that
[info] will contain Hosting assets to be uploaded with firebase deploy. If you
[info] have a build process for your assets, use your build's output directory.
[info] 
[debug] [2024-03-11T23:01:46.839Z] >>> [apiv2][query] GET https://www.gstatic.com/firebasejs/releases.json [none]
[debug] [2024-03-11T23:01:47.316Z] <<< [apiv2][status] GET https://www.gstatic.com/firebasejs/releases.json 200
[debug] [2024-03-11T23:01:47.316Z] <<< [apiv2][body] GET https://www.gstatic.com/firebasejs/releases.json {"current":{"version":"10.8.1","browserURL":"https://www.gstatic.com/firebasejs/10.8.1/firebase.js","packageURL":"https://www.gstatic.com/firebasejs/10.8.1/firebase.tgz"},"live":{"version":"10.8","browserURL":"https://www.gstatic.com/firebasejs/live/10.8/firebase.js","packageURL":"https://www.gstatic.com/firebasejs/live/10.8/firebase.tgz"},"components":{"analytics":"https://www.gstatic.com/firebasejs/10.8.1/firebase-analytics.js","app":"https://www.gstatic.com/firebasejs/10.8.1/firebase-app.js","app-check":"https://www.gstatic.com/firebasejs/10.8.1/firebase-app-check.js","auth":"https://www.gstatic.com/firebasejs/10.8.1/firebase-auth.js","auth/cordova":"https://www.gstatic.com/firebasejs/10.8.1/firebase-auth/cordova.js","auth/web-extension":"https://www.gstatic.com/firebasejs/10.8.1/firebase-auth/web-extension.js","functions":"https://www.gstatic.com/firebasejs/10.8.1/firebase-functions.js","firestore":"https://www.gstatic.com/firebasejs/10.8.1/firebase-firestore.js","firestore/lite":"https://www.gstatic.com/firebasejs/10.8.1/firebase-firestore/lite.js","installations":"https://www.gstatic.com/firebasejs/10.8.1/firebase-installations.js","storage":"https://www.gstatic.com/firebasejs/10.8.1/firebase-storage.js","performance":"https://www.gstatic.com/firebasejs/10.8.1/firebase-performance.js","remote-config":"https://www.gstatic.com/firebasejs/10.8.1/firebase-remote-config.js","messaging":"https://www.gstatic.com/firebasejs/10.8.1/firebase-messaging.js","messaging/sw":"https://www.gstatic.com/firebasejs/10.8.1/firebase-messaging/sw.js","database":"https://www.gstatic.com/firebasejs/10.8.1/firebase-database.js","firestore.memory":"https://www.gstatic.com/firebasejs/10.8.1/firebase-firestore.memory.js"}}
[info] +  Wrote public/index.html 
[info] 
[info] i  Detected a .git folder at C:\Users\quilt\Documents\Programas\Visual Code 
[info] i  Authorizing with GitHub to upload your service account to a GitHub repository's secrets store. 
[info] 
[info] Visit this URL on this device to log in:
[info] https://github.com/login/oauth/authorize?client_id=89cf50f02ac6aaed3484&state=504598389&redirect_uri=http%3A%2F%2Flocalhost%3A9005&scope=read%3Auser%20repo%20public_repo
[info] 
[info] Waiting for authentication...
[debug] [2024-03-11T23:01:49.023Z] >>> [apiv2][query] POST https://github.com/login/oauth/access_token [none]
[debug] [2024-03-11T23:01:49.023Z] >>> [apiv2][body] POST https://github.com/login/oauth/access_token [stream]
[debug] [2024-03-11T23:01:49.503Z] <<< [apiv2][status] POST https://github.com/login/oauth/access_token 200
[debug] [2024-03-11T23:01:49.504Z] <<< [apiv2][body] POST 
[debug] [2024-03-11T23:01:49.529Z] >>> [apiv2][query] GET https://api.github.com/user [none]
[debug] [2024-03-11T23:01:50.096Z] <<< [apiv2][status] GET https://api.github.com/user 200
[debug] [2024-03-11T23:01:50.096Z] <<< [apiv2][body] GET https://api.github.com/user {"login":"Quiltzin01","id":142635966,"node_id":"U_kgDOCIBzvg","avatar_url":"https://avatars.githubusercontent.com/u/142635966?v=4","gravatar_id":"","url":"https://api.github.com/users/Quiltzin01","html_url":"https://github.com/Quiltzin01","followers_url":"https://api.github.com/users/Quiltzin01/followers","following_url":"https://api.github.com/users/Quiltzin01/following{/other_user}","gists_url":"https://api.github.com/users/Quiltzin01/gists{/gist_id}","starred_url":"https://api.github.com/users/Quiltzin01/starred{/owner}{/repo}","subscriptions_url":"https://api.github.com/users/Quiltzin01/subscriptions","organizations_url":"https://api.github.com/users/Quiltzin01/orgs","repos_url":"https://api.github.com/users/Quiltzin01/repos","events_url":"https://api.github.com/users/Quiltzin01/events{/privacy}","received_events_url":"https://api.github.com/users/Quiltzin01/received_events","type":"User","site_admin":false,"name":"Tanya","company":null,"blog":"","location":null,"email":null,"hireable":null,"bio":null,"twitter_username":null,"public_repos":2,"public_gists":0,"followers":0,"following":0,"created_at":"2023-08-18T23:17:32Z","updated_at":"2024-02-23T22:15:05Z","private_gists":0,"total_private_repos":0,"owned_private_repos":0,"disk_usage":1,"collaborators":0,"two_factor_authentication":true,"plan":{"name":"free","space":976562499,"collaborators":0,"private_repos":10000}}
[info] 
[info] +  Success! Logged into GitHub as Quiltzin01 
[info] 
